<?xml version="1.0" encoding="UTF-8"?>
<!-- Generated by org.testng.reporters.JUnitReportReporter -->
<testsuite hostname="Deepaks-MacBook-Pro.local" failures="0" tests="2" name="ExtentReportsWithTestNG" time="3.268" errors="0" timestamp="2023-09-14T07:11:20 IST" skipped="0">
  <testcase classname="ExtentReportsWithTestNG" name="test2" time="0.001"/>
  <testcase classname="ExtentReportsWithTestNG" name="test1" time="3.267"/>
</testsuite> <!-- ExtentReportsWithTestNG -->
