<?xml version="1.0" encoding="UTF-8"?>
<!-- Generated by org.testng.reporters.JUnitReportReporter -->
<testsuite hostname="Deepaks-MacBook-Pro.local" failures="0" tests="2" name="demo.TestNGMultiBrowserDemo" time="20.253" errors="0" timestamp="2023-09-28T08:03:52 IST" skipped="0">
  <testcase classname="demo.TestNGMultiBrowserDemo" name="test1" time="5.145"/>
  <testcase classname="demo.TestNGMultiBrowserDemo" name="test1" time="15.108"/>
</testsuite> <!-- demo.TestNGMultiBrowserDemo -->
