<?xml version="1.0" encoding="UTF-8"?>
<!-- Generated by org.testng.reporters.JUnitReportReporter -->
<testsuite hostname="Deepaks-MacBook-Pro.local" failures="0" tests="2" name="demo.TestNGIgnoreTestDemo" time="0.008" errors="0" timestamp="2023-10-03T07:30:16 IST" skipped="1">
  <testcase classname="demo.TestNGIgnoreTestDemo" name="test2" time="0.008"/>
  <testcase classname="demo.TestNGIgnoreTestDemo" name="test1">
    <skipped/>
  </testcase> <!-- test1 -->
</testsuite> <!-- demo.TestNGIgnoreTestDemo -->
