<?xml version="1.0" encoding="UTF-8"?>
<!-- Generated by org.testng.reporters.JUnitReportReporter -->
<testsuite hostname="Deepaks-MacBook-Pro.local" failures="0" tests="3" name="demo.TestNGPriorityDemo" time="0.013" errors="0" timestamp="2023-09-27T13:02:12 IST" skipped="0">
  <testcase classname="demo.TestNGPriorityDemo" name="two" time="0.003"/>
  <testcase classname="demo.TestNGPriorityDemo" name="three" time="0.001"/>
  <testcase classname="demo.TestNGPriorityDemo" name="one" time="0.009"/>
</testsuite> <!-- demo.TestNGPriorityDemo -->
