<?xml version="1.0" encoding="UTF-8"?>
<!-- Generated by org.testng.reporters.JUnitReportReporter -->
<testsuite hostname="Deepaks-MacBook-Pro.local" failures="0" tests="4" name="demo.TestNGGroupsDemo" time="0.012" errors="0" timestamp="2023-10-03T07:10:44 IST" skipped="0">
  <testcase classname="demo.TestNGGroupsDemo" name="test4" time="0.002"/>
  <testcase classname="demo.TestNGGroupsDemo" name="test2" time="0.001"/>
  <testcase classname="demo.TestNGGroupsDemo" name="test1" time="0.007"/>
  <testcase classname="demo.TestNGGroupsDemo" name="test3" time="0.002"/>
</testsuite> <!-- demo.TestNGGroupsDemo -->
