<?xml version="1.0" encoding="UTF-8"?>
<!-- Generated by org.testng.reporters.JUnitReportReporter -->
<testsuite hostname="Deepaks-MacBook-Pro.local" failures="0" tests="4" name="demo.TestNGDependenciesDemo" time="0.013" errors="0" timestamp="2023-10-03T07:43:52 IST" skipped="0">
  <testcase classname="demo.TestNGDependenciesDemo" name="test2" time="0.008"/>
  <testcase classname="demo.TestNGDependenciesDemo" name="test4" time="0.003"/>
  <testcase classname="demo.TestNGDependenciesDemo" name="test1" time="0.001"/>
  <testcase classname="demo.TestNGDependenciesDemo" name="test3" time="0.001"/>
</testsuite> <!-- demo.TestNGDependenciesDemo -->
