<?xml version="1.0" encoding="UTF-8"?>
<!-- Generated by org.testng.reporters.JUnitReportReporter -->
<testsuite hostname="Deepaks-MacBook-Pro.local" failures="0" tests="1" name="demo.TestNGParametersDemo" time="0.013" errors="0" timestamp="2023-09-29T15:03:21 IST" skipped="0">
  <testcase classname="demo.TestNGParametersDemo" name="tes" time="0.013"/>
</testsuite> <!-- demo.TestNGParametersDemo -->
