<?xml version="1.0" encoding="UTF-8"?>
<!-- Generated by org.testng.reporters.JUnitReportReporter -->
<testsuite hostname="Deepaks-MacBook-Pro.local" failures="0" tests="3" name="listeners.TestNGListenerDemo" time="0.012" errors="0" timestamp="2023-09-27T11:56:08 IST" skipped="0">
  <testcase classname="listeners.TestNGListenerDemo" name="test1" time="0.010"/>
  <testcase classname="listeners.TestNGListenerDemo" name="test2" time="0.001"/>
  <testcase classname="listeners.TestNGListenerDemo" name="test3" time="0.001"/>
</testsuite> <!-- listeners.TestNGListenerDemo -->
